<?xml version="1.0" encoding="UTF-8"?>
<rss version="2.0" xmlns:atom="http://www.w3.org/2005/Atom">
  <channel>
    <title>Ares Test Feed</title>
    <description>Used to test feed update</description>
    <link>https://www.google.com</link>
    <atom:link href="https://www.google.com" rel="self" type="application/rss+xml" />
    
      <item>
        <title>Test Item 4</title>
        <description>
          Lorem Ipsum is simply dummy text of the printing and typesetting industry. Lorem Ipsum has been the industry's standard dummy text ever since the 1500s, when an unknown printer took a galley of type and scrambled it to make a type specimen book. It has survived not only five centuries, but also the leap into electronic typesetting, remaining essentially unchanged. It was popularised in the 1960s with the release of Letraset sheets containing Lorem Ipsum passages, and more recently with desktop publishing software like Aldus PageMaker including versions of Lorem Ipsum.
        </description>
        <pubDate>Sun, 10 Jan 2022 00:00:00 +0100</pubDate>
        <link>https://www.google.com/5</link>
        <guid isPermaLink="true">https://www.google.com</guid>
      </item>

      <item>
        <title>Test Item 4</title>
        <description>
          Lorem Ipsum is simply dummy text of the printing and typesetting industry. Lorem Ipsum has been the industry's standard dummy text ever since the 1500s, when an unknown printer took a galley of type and scrambled it to make a type specimen book. It has survived not only five centuries, but also the leap into electronic typesetting, remaining essentially unchanged. It was popularised in the 1960s with the release of Letraset sheets containing Lorem Ipsum passages, and more recently with desktop publishing software like Aldus PageMaker including versions of Lorem Ipsum.
        </description>
        <pubDate>Sun, 09 Jan 2022 00:00:00 +0100</pubDate>
        <link>https://www.google.com/4</link>
        <guid isPermaLink="true">https://www.google.com</guid>
      </item>
    
      <item>
        <title>Test Item 3</title>
        <description>
Lorem Ipsum is simply dummy text of the printing and typesetting industry. Lorem Ipsum has been the industry's standard dummy text ever since the 1500s, when an unknown printer took a galley of type and scrambled it to make a type specimen book. It has survived not only five centuries, but also the leap into electronic typesetting, remaining essentially unchanged. It was popularised in the 1960s with the release of Letraset sheets containing Lorem Ipsum passages, and more recently with desktop publishing software like Aldus PageMaker including versions of Lorem Ipsum.        </description>
        <pubDate>Sat, 08 Jan 2022 00:00:00 +0100</pubDate>
        <link>https://www.google.com/3</link>
        <guid isPermaLink="true">https://www.google.com</guid>
      </item>
    
      <item>
        <title>Test Item 2</title>
        <description>
          I deleted Facebook years ago, but still use twitter, sometimes… - 
          When Social Media first started, in the early 2000’s, I was all over it. Being a tech geek, Myspace, Hi5 and, Orkut where all the rage for me at the time. Then came Facebook, Twitter and Instagram and for a brief moment Google+. They we’re more polished services, and attracted...
        </description>
        <pubDate>Tue, 20 Apr 2021 00:00:00 +0100</pubDate>
        <link>https://www.google.com/2</link>
        <guid isPermaLink="true">https://www.google.com</guid>
      </item>
    
      <item>
        <title>Test Item 1</title>
        <description>
Lorem Ipsum is simply dummy text of the printing and typesetting industry. Lorem Ipsum has been the industry's standard dummy text ever since the 1500s, when an unknown printer took a galley of type and scrambled it to make a type specimen book. It has survived not only five centuries, but also the leap into electronic typesetting, remaining essentially unchanged. It was popularised in the 1960s with the release of Letraset sheets containing Lorem Ipsum passages, and more recently with desktop publishing software like Aldus PageMaker including versions of Lorem Ipsum.        </description>
        <pubDate>Sun, 18 Apr 2021 00:00:00 +0100</pubDate>
        <link>https://www.google.com/1</link>
        <guid isPermaLink="true">https://www.google.com</guid>
      </item>
    
  </channel>
</rss>
